2016-03-11 04:20:07 [Thread-1] INFO  org.springframework.context.support.AbstractApplicationContext (AbstractApplicationContext.java:1042) - Closing WebApplicationContext for namespace 'springServlet-servlet': startup date [Fri Mar 11 15:56:36 CST 2016]; parent: Root WebApplicationContext
2016-03-11 04:20:07 [Thread-1] INFO  org.springframework.beans.factory.support.DefaultSingletonBeanRegistry (DefaultSingletonBeanRegistry.java:444) - Destroying singletons in org.springframework.beans.factory.support.DefaultListableBeanFactory@545f3900: defining beans [touclickController,org.springframework.context.annotation.internalConfigurationAnnotationProcessor,org.springframework.context.annotation.internalAutowiredAnnotationProcessor,org.springframework.context.annotation.internalRequiredAnnotationProcessor,org.springframework.context.annotation.internalCommonAnnotationProcessor,org.springframework.web.servlet.resource.DefaultServletHttpRequestHandler#0,org.springframework.web.servlet.handler.SimpleUrlHandlerMapping#0,org.springframework.web.servlet.handler.BeanNameUrlHandlerMapping,org.springframework.web.servlet.mvc.HttpRequestHandlerAdapter,org.springframework.web.servlet.mvc.SimpleControllerHandlerAdapter,org.springframework.web.servlet.view.InternalResourceViewResolver#0,mvcContentNegotiationManager,org.springframework.web.servlet.mvc.method.annotation.RequestMappingHandlerMapping#0,org.springframework.format.support.FormattingConversionServiceFactoryBean#0,org.springframework.web.servlet.mvc.method.annotation.RequestMappingHandlerAdapter#0,org.springframework.web.servlet.handler.MappedInterceptor#0,org.springframework.web.servlet.mvc.method.annotation.ExceptionHandlerExceptionResolver#0,org.springframework.web.servlet.mvc.annotation.ResponseStatusExceptionResolver#0,org.springframework.web.servlet.mvc.support.DefaultHandlerExceptionResolver#0,org.springframework.web.servlet.config.viewControllerHandlerMapping,org.springframework.context.annotation.ConfigurationClassPostProcessor.importAwareProcessor]; parent: org.springframework.beans.factory.support.DefaultListableBeanFactory@1c55252c
2016-03-11 04:20:07 [Thread-1] INFO  org.springframework.context.support.AbstractApplicationContext (AbstractApplicationContext.java:1042) - Closing Root WebApplicationContext: startup date [Fri Mar 11 15:56:35 CST 2016]; root of context hierarchy
2016-03-11 04:20:07 [Thread-1] INFO  org.springframework.beans.factory.support.DefaultSingletonBeanRegistry (DefaultSingletonBeanRegistry.java:444) - Destroying singletons in org.springframework.beans.factory.support.DefaultListableBeanFactory@1c55252c: defining beans [propertyConfigurer,org.springframework.context.annotation.internalConfigurationAnnotationProcessor,org.springframework.context.annotation.internalAutowiredAnnotationProcessor,org.springframework.context.annotation.internalRequiredAnnotationProcessor,org.springframework.context.annotation.internalCommonAnnotationProcessor,org.springframework.aop.config.internalAutoProxyCreator,redisClusterClient,org.springframework.context.annotation.internalAsyncAnnotationProcessor,org.springframework.context.annotation.internalScheduledAnnotationProcessor,org.springframework.context.annotation.ConfigurationClassPostProcessor.importAwareProcessor]; root of factory hierarchy
2016-03-11 04:20:15 [main] INFO  org.springframework.web.context.ContextLoader (ContextLoader.java:273) - Root WebApplicationContext: initialization started
2016-03-11 04:20:15 [main] INFO  org.springframework.context.support.AbstractApplicationContext (AbstractApplicationContext.java:510) - Refreshing Root WebApplicationContext: startup date [Fri Mar 11 16:20:15 CST 2016]; root of context hierarchy
2016-03-11 04:20:15 [main] INFO  org.springframework.beans.factory.xml.XmlBeanDefinitionReader (XmlBeanDefinitionReader.java:315) - Loading XML bean definitions from class path resource [applicationContext.xml]
2016-03-11 04:20:15 [main] INFO  org.springframework.context.annotation.ClassPathScanningCandidateComponentProvider (ClassPathScanningCandidateComponentProvider.java:231) - JSR-250 'javax.annotation.ManagedBean' found and supported for component scanning
2016-03-11 04:20:15 [main] INFO  org.springframework.context.annotation.ClassPathScanningCandidateComponentProvider (ClassPathScanningCandidateComponentProvider.java:239) - JSR-330 'javax.inject.Named' annotation found and supported for component scanning
2016-03-11 04:20:15 [main] INFO  org.springframework.beans.factory.annotation.AutowiredAnnotationBeanPostProcessor (AutowiredAnnotationBeanPostProcessor.java:140) - JSR-330 'javax.inject.Inject' annotation found and supported for autowiring
2016-03-11 04:20:15 [main] INFO  org.springframework.beans.factory.support.DefaultListableBeanFactory (DefaultListableBeanFactory.java:598) - Pre-instantiating singletons in org.springframework.beans.factory.support.DefaultListableBeanFactory@5047833f: defining beans [propertyConfigurer,org.springframework.context.annotation.internalConfigurationAnnotationProcessor,org.springframework.context.annotation.internalAutowiredAnnotationProcessor,org.springframework.context.annotation.internalRequiredAnnotationProcessor,org.springframework.context.annotation.internalCommonAnnotationProcessor,org.springframework.aop.config.internalAutoProxyCreator,redisClusterClient,org.springframework.context.annotation.internalAsyncAnnotationProcessor,org.springframework.context.annotation.internalScheduledAnnotationProcessor,org.springframework.context.annotation.ConfigurationClassPostProcessor.importAwareProcessor]; root of factory hierarchy
2016-03-11 04:20:15 [main] INFO  org.apache.zookeeper.Environment (Environment.java:100) - Client environment:zookeeper.version=3.4.6-1569965, built on 02/20/2014 09:09 GMT
2016-03-11 04:20:15 [main] INFO  org.apache.zookeeper.Environment (Environment.java:100) - Client environment:host.name=zhanwei-ThinkPad-T450
2016-03-11 04:20:15 [main] INFO  org.apache.zookeeper.Environment (Environment.java:100) - Client environment:java.version=1.7.0_79
2016-03-11 04:20:15 [main] INFO  org.apache.zookeeper.Environment (Environment.java:100) - Client environment:java.vendor=Oracle Corporation
2016-03-11 04:20:15 [main] INFO  org.apache.zookeeper.Environment (Environment.java:100) - Client environment:java.home=/home/zhanwei/usr/java/jdk1.7.0_79/jre
2016-03-11 04:20:15 [main] INFO  org.apache.zookeeper.Environment (Environment.java:100) - Client environment:java.class.path=/home/zhanwei/maven/apache-maven-3.3.3/boot/plexus-classworlds-2.5.2.jar
2016-03-11 04:20:15 [main] INFO  org.apache.zookeeper.Environment (Environment.java:100) - Client environment:java.library.path=/usr/java/packages/lib/amd64:/usr/lib64:/lib64:/lib:/usr/lib
2016-03-11 04:20:15 [main] INFO  org.apache.zookeeper.Environment (Environment.java:100) - Client environment:java.io.tmpdir=/tmp
2016-03-11 04:20:15 [main] INFO  org.apache.zookeeper.Environment (Environment.java:100) - Client environment:java.compiler=<NA>
2016-03-11 04:20:15 [main] INFO  org.apache.zookeeper.Environment (Environment.java:100) - Client environment:os.name=Linux
2016-03-11 04:20:15 [main] INFO  org.apache.zookeeper.Environment (Environment.java:100) - Client environment:os.arch=amd64
2016-03-11 04:20:15 [main] INFO  org.apache.zookeeper.Environment (Environment.java:100) - Client environment:os.version=3.16.0-62-generic
2016-03-11 04:20:15 [main] INFO  org.apache.zookeeper.Environment (Environment.java:100) - Client environment:user.name=zhanwei
2016-03-11 04:20:15 [main] INFO  org.apache.zookeeper.Environment (Environment.java:100) - Client environment:user.home=/home/zhanwei
2016-03-11 04:20:15 [main] INFO  org.apache.zookeeper.Environment (Environment.java:100) - Client environment:user.dir=/home/zhanwei/workspace/captcha-demo
2016-03-11 04:20:15 [main] INFO  org.apache.zookeeper.ZooKeeper (ZooKeeper.java:438) - Initiating client connection, connectString=192.168.2.246:2181 sessionTimeout=20000 watcher=com.renren.cluster.ClusterCommon$ZKConnWatcher@2601cad
2016-03-11 04:20:16 [main-SendThread(192.168.2.246:2181)] INFO  org.apache.zookeeper.ClientCnxn$SendThread (ClientCnxn.java:975) - Opening socket connection to server 192.168.2.246/192.168.2.246:2181. Will not attempt to authenticate using SASL (unknown error)
2016-03-11 04:20:16 [main-SendThread(192.168.2.246:2181)] INFO  org.apache.zookeeper.ClientCnxn$SendThread (ClientCnxn.java:852) - Socket connection established to 192.168.2.246/192.168.2.246:2181, initiating session
2016-03-11 04:20:16 [main-SendThread(192.168.2.246:2181)] INFO  org.apache.zookeeper.ClientCnxn$SendThread (ClientCnxn.java:1235) - Session establishment complete on server 192.168.2.246/192.168.2.246:2181, sessionid = 0x151f28653fdaa5e, negotiated timeout = 20000
2016-03-11 04:20:16 [main-EventThread] INFO  com.renren.cluster.ClusterCommon$ZKConnWatcher (ClusterCommon.java:112) - Successfully connected to ZK.
2016-03-11 04:20:16 [main] INFO  com.renren.cluster.client.ClusterPools (ClusterPools.java:158) - Create Pool: 0:192.168.2.246:6379 slave:[]
2016-03-11 04:20:16 [main] INFO  org.springframework.web.context.ContextLoader (ContextLoader.java:313) - Root WebApplicationContext: initialization completed in 1009 ms
2016-03-11 04:20:16 [main] INFO  org.springframework.web.servlet.FrameworkServlet (FrameworkServlet.java:454) - FrameworkServlet 'springServlet': initialization started
2016-03-11 04:20:16 [main] INFO  org.springframework.context.support.AbstractApplicationContext (AbstractApplicationContext.java:510) - Refreshing WebApplicationContext for namespace 'springServlet-servlet': startup date [Fri Mar 11 16:20:16 CST 2016]; parent: Root WebApplicationContext
2016-03-11 04:20:16 [main] INFO  org.springframework.beans.factory.xml.XmlBeanDefinitionReader (XmlBeanDefinitionReader.java:315) - Loading XML bean definitions from ServletContext resource [/WEB-INF/spring-mvc.xml]
2016-03-11 04:20:17 [main] INFO  org.springframework.beans.factory.annotation.AutowiredAnnotationBeanPostProcessor (AutowiredAnnotationBeanPostProcessor.java:140) - JSR-330 'javax.inject.Inject' annotation found and supported for autowiring
2016-03-11 04:20:17 [main] INFO  org.springframework.beans.factory.support.DefaultListableBeanFactory (DefaultListableBeanFactory.java:598) - Pre-instantiating singletons in org.springframework.beans.factory.support.DefaultListableBeanFactory@6ec1d9d1: defining beans [touclickController,org.springframework.context.annotation.internalConfigurationAnnotationProcessor,org.springframework.context.annotation.internalAutowiredAnnotationProcessor,org.springframework.context.annotation.internalRequiredAnnotationProcessor,org.springframework.context.annotation.internalCommonAnnotationProcessor,org.springframework.web.servlet.resource.DefaultServletHttpRequestHandler#0,org.springframework.web.servlet.handler.SimpleUrlHandlerMapping#0,org.springframework.web.servlet.handler.BeanNameUrlHandlerMapping,org.springframework.web.servlet.mvc.HttpRequestHandlerAdapter,org.springframework.web.servlet.mvc.SimpleControllerHandlerAdapter,org.springframework.web.servlet.view.InternalResourceViewResolver#0,mvcContentNegotiationManager,org.springframework.web.servlet.mvc.method.annotation.RequestMappingHandlerMapping#0,org.springframework.format.support.FormattingConversionServiceFactoryBean#0,org.springframework.web.servlet.mvc.method.annotation.RequestMappingHandlerAdapter#0,org.springframework.web.servlet.handler.MappedInterceptor#0,org.springframework.web.servlet.mvc.method.annotation.ExceptionHandlerExceptionResolver#0,org.springframework.web.servlet.mvc.annotation.ResponseStatusExceptionResolver#0,org.springframework.web.servlet.mvc.support.DefaultHandlerExceptionResolver#0,org.springframework.web.servlet.config.viewControllerHandlerMapping,org.springframework.context.annotation.ConfigurationClassPostProcessor.importAwareProcessor]; parent: org.springframework.beans.factory.support.DefaultListableBeanFactory@5047833f
2016-03-11 04:20:17 [main] INFO  org.springframework.web.servlet.handler.AbstractUrlHandlerMapping (AbstractUrlHandlerMapping.java:315) - Mapped URL path [/**] onto handler 'org.springframework.web.servlet.resource.DefaultServletHttpRequestHandler#0'
2016-03-11 04:20:17 [main] INFO  org.springframework.web.servlet.handler.AbstractHandlerMethodMapping (AbstractHandlerMethodMapping.java:179) - Mapped "{[/verify],methods=[POST],params=[],headers=[],consumes=[],produces=[],custom=[]}" onto public void com.touclick.captcha.TouclickController.verify(javax.servlet.http.HttpServletRequest,javax.servlet.http.HttpServletResponse)
2016-03-11 04:20:17 [main] INFO  org.springframework.web.servlet.handler.AbstractUrlHandlerMapping (AbstractUrlHandlerMapping.java:302) - Root mapping to handler of type [class org.springframework.web.servlet.mvc.ParameterizableViewController]
2016-03-11 04:20:17 [main] INFO  org.springframework.web.servlet.FrameworkServlet (FrameworkServlet.java:473) - FrameworkServlet 'springServlet': initialization completed in 1118 ms
2016-03-11 04:21:22 [Thread-1] INFO  org.springframework.context.support.AbstractApplicationContext (AbstractApplicationContext.java:1042) - Closing WebApplicationContext for namespace 'springServlet-servlet': startup date [Fri Mar 11 16:20:16 CST 2016]; parent: Root WebApplicationContext
2016-03-11 04:21:22 [Thread-1] INFO  org.springframework.beans.factory.support.DefaultSingletonBeanRegistry (DefaultSingletonBeanRegistry.java:444) - Destroying singletons in org.springframework.beans.factory.support.DefaultListableBeanFactory@6ec1d9d1: defining beans [touclickController,org.springframework.context.annotation.internalConfigurationAnnotationProcessor,org.springframework.context.annotation.internalAutowiredAnnotationProcessor,org.springframework.context.annotation.internalRequiredAnnotationProcessor,org.springframework.context.annotation.internalCommonAnnotationProcessor,org.springframework.web.servlet.resource.DefaultServletHttpRequestHandler#0,org.springframework.web.servlet.handler.SimpleUrlHandlerMapping#0,org.springframework.web.servlet.handler.BeanNameUrlHandlerMapping,org.springframework.web.servlet.mvc.HttpRequestHandlerAdapter,org.springframework.web.servlet.mvc.SimpleControllerHandlerAdapter,org.springframework.web.servlet.view.InternalResourceViewResolver#0,mvcContentNegotiationManager,org.springframework.web.servlet.mvc.method.annotation.RequestMappingHandlerMapping#0,org.springframework.format.support.FormattingConversionServiceFactoryBean#0,org.springframework.web.servlet.mvc.method.annotation.RequestMappingHandlerAdapter#0,org.springframework.web.servlet.handler.MappedInterceptor#0,org.springframework.web.servlet.mvc.method.annotation.ExceptionHandlerExceptionResolver#0,org.springframework.web.servlet.mvc.annotation.ResponseStatusExceptionResolver#0,org.springframework.web.servlet.mvc.support.DefaultHandlerExceptionResolver#0,org.springframework.web.servlet.config.viewControllerHandlerMapping,org.springframework.context.annotation.ConfigurationClassPostProcessor.importAwareProcessor]; parent: org.springframework.beans.factory.support.DefaultListableBeanFactory@5047833f
2016-03-11 04:21:22 [Thread-1] INFO  org.springframework.context.support.AbstractApplicationContext (AbstractApplicationContext.java:1042) - Closing Root WebApplicationContext: startup date [Fri Mar 11 16:20:15 CST 2016]; root of context hierarchy
2016-03-11 04:21:22 [Thread-1] INFO  org.springframework.beans.factory.support.DefaultSingletonBeanRegistry (DefaultSingletonBeanRegistry.java:444) - Destroying singletons in org.springframework.beans.factory.support.DefaultListableBeanFactory@5047833f: defining beans [propertyConfigurer,org.springframework.context.annotation.internalConfigurationAnnotationProcessor,org.springframework.context.annotation.internalAutowiredAnnotationProcessor,org.springframework.context.annotation.internalRequiredAnnotationProcessor,org.springframework.context.annotation.internalCommonAnnotationProcessor,org.springframework.aop.config.internalAutoProxyCreator,redisClusterClient,org.springframework.context.annotation.internalAsyncAnnotationProcessor,org.springframework.context.annotation.internalScheduledAnnotationProcessor,org.springframework.context.annotation.ConfigurationClassPostProcessor.importAwareProcessor]; root of factory hierarchy
2016-03-11 04:21:29 [main] INFO  org.springframework.web.context.ContextLoader (ContextLoader.java:273) - Root WebApplicationContext: initialization started
2016-03-11 04:21:29 [main] INFO  org.springframework.context.support.AbstractApplicationContext (AbstractApplicationContext.java:510) - Refreshing Root WebApplicationContext: startup date [Fri Mar 11 16:21:29 CST 2016]; root of context hierarchy
2016-03-11 04:21:29 [main] INFO  org.springframework.beans.factory.xml.XmlBeanDefinitionReader (XmlBeanDefinitionReader.java:315) - Loading XML bean definitions from class path resource [applicationContext.xml]
2016-03-11 04:21:30 [main] INFO  org.springframework.context.annotation.ClassPathScanningCandidateComponentProvider (ClassPathScanningCandidateComponentProvider.java:231) - JSR-250 'javax.annotation.ManagedBean' found and supported for component scanning
2016-03-11 04:21:30 [main] INFO  org.springframework.context.annotation.ClassPathScanningCandidateComponentProvider (ClassPathScanningCandidateComponentProvider.java:239) - JSR-330 'javax.inject.Named' annotation found and supported for component scanning
2016-03-11 04:21:30 [main] INFO  org.springframework.beans.factory.annotation.AutowiredAnnotationBeanPostProcessor (AutowiredAnnotationBeanPostProcessor.java:140) - JSR-330 'javax.inject.Inject' annotation found and supported for autowiring
2016-03-11 04:21:30 [main] INFO  org.springframework.beans.factory.support.DefaultListableBeanFactory (DefaultListableBeanFactory.java:598) - Pre-instantiating singletons in org.springframework.beans.factory.support.DefaultListableBeanFactory@6b63d131: defining beans [propertyConfigurer,org.springframework.context.annotation.internalConfigurationAnnotationProcessor,org.springframework.context.annotation.internalAutowiredAnnotationProcessor,org.springframework.context.annotation.internalRequiredAnnotationProcessor,org.springframework.context.annotation.internalCommonAnnotationProcessor,org.springframework.aop.config.internalAutoProxyCreator,redisClusterClient,org.springframework.context.annotation.internalAsyncAnnotationProcessor,org.springframework.context.annotation.internalScheduledAnnotationProcessor,org.springframework.context.annotation.ConfigurationClassPostProcessor.importAwareProcessor]; root of factory hierarchy
2016-03-11 04:21:30 [main] INFO  org.apache.zookeeper.Environment (Environment.java:100) - Client environment:zookeeper.version=3.4.6-1569965, built on 02/20/2014 09:09 GMT
2016-03-11 04:21:30 [main] INFO  org.apache.zookeeper.Environment (Environment.java:100) - Client environment:host.name=zhanwei-ThinkPad-T450
2016-03-11 04:21:30 [main] INFO  org.apache.zookeeper.Environment (Environment.java:100) - Client environment:java.version=1.7.0_79
2016-03-11 04:21:30 [main] INFO  org.apache.zookeeper.Environment (Environment.java:100) - Client environment:java.vendor=Oracle Corporation
2016-03-11 04:21:30 [main] INFO  org.apache.zookeeper.Environment (Environment.java:100) - Client environment:java.home=/home/zhanwei/usr/java/jdk1.7.0_79/jre
2016-03-11 04:21:30 [main] INFO  org.apache.zookeeper.Environment (Environment.java:100) - Client environment:java.class.path=/home/zhanwei/maven/apache-maven-3.3.3/boot/plexus-classworlds-2.5.2.jar
2016-03-11 04:21:30 [main] INFO  org.apache.zookeeper.Environment (Environment.java:100) - Client environment:java.library.path=/usr/java/packages/lib/amd64:/usr/lib64:/lib64:/lib:/usr/lib
2016-03-11 04:21:30 [main] INFO  org.apache.zookeeper.Environment (Environment.java:100) - Client environment:java.io.tmpdir=/tmp
2016-03-11 04:21:30 [main] INFO  org.apache.zookeeper.Environment (Environment.java:100) - Client environment:java.compiler=<NA>
2016-03-11 04:21:30 [main] INFO  org.apache.zookeeper.Environment (Environment.java:100) - Client environment:os.name=Linux
2016-03-11 04:21:30 [main] INFO  org.apache.zookeeper.Environment (Environment.java:100) - Client environment:os.arch=amd64
2016-03-11 04:21:30 [main] INFO  org.apache.zookeeper.Environment (Environment.java:100) - Client environment:os.version=3.16.0-62-generic
2016-03-11 04:21:30 [main] INFO  org.apache.zookeeper.Environment (Environment.java:100) - Client environment:user.name=zhanwei
2016-03-11 04:21:30 [main] INFO  org.apache.zookeeper.Environment (Environment.java:100) - Client environment:user.home=/home/zhanwei
2016-03-11 04:21:30 [main] INFO  org.apache.zookeeper.Environment (Environment.java:100) - Client environment:user.dir=/home/zhanwei/workspace/captcha-demo
2016-03-11 04:21:30 [main] INFO  org.apache.zookeeper.ZooKeeper (ZooKeeper.java:438) - Initiating client connection, connectString=192.168.2.246:2181 sessionTimeout=20000 watcher=com.renren.cluster.ClusterCommon$ZKConnWatcher@3861c498
2016-03-11 04:21:30 [main-SendThread(192.168.2.246:2181)] INFO  org.apache.zookeeper.ClientCnxn$SendThread (ClientCnxn.java:975) - Opening socket connection to server 192.168.2.246/192.168.2.246:2181. Will not attempt to authenticate using SASL (unknown error)
2016-03-11 04:21:30 [main-SendThread(192.168.2.246:2181)] INFO  org.apache.zookeeper.ClientCnxn$SendThread (ClientCnxn.java:852) - Socket connection established to 192.168.2.246/192.168.2.246:2181, initiating session
2016-03-11 04:21:30 [main-SendThread(192.168.2.246:2181)] INFO  org.apache.zookeeper.ClientCnxn$SendThread (ClientCnxn.java:1235) - Session establishment complete on server 192.168.2.246/192.168.2.246:2181, sessionid = 0x151f28653fdaa5f, negotiated timeout = 20000
2016-03-11 04:21:30 [main-EventThread] INFO  com.renren.cluster.ClusterCommon$ZKConnWatcher (ClusterCommon.java:112) - Successfully connected to ZK.
2016-03-11 04:21:30 [main] INFO  com.renren.cluster.client.ClusterPools (ClusterPools.java:158) - Create Pool: 0:192.168.2.246:6379 slave:[]
2016-03-11 04:21:31 [main] INFO  org.springframework.web.context.ContextLoader (ContextLoader.java:313) - Root WebApplicationContext: initialization completed in 1585 ms
2016-03-11 04:21:31 [main] INFO  org.springframework.web.servlet.FrameworkServlet (FrameworkServlet.java:454) - FrameworkServlet 'springServlet': initialization started
2016-03-11 04:21:31 [main] INFO  org.springframework.context.support.AbstractApplicationContext (AbstractApplicationContext.java:510) - Refreshing WebApplicationContext for namespace 'springServlet-servlet': startup date [Fri Mar 11 16:21:31 CST 2016]; parent: Root WebApplicationContext
2016-03-11 04:21:31 [main] INFO  org.springframework.beans.factory.xml.XmlBeanDefinitionReader (XmlBeanDefinitionReader.java:315) - Loading XML bean definitions from ServletContext resource [/WEB-INF/spring-mvc.xml]
2016-03-11 04:21:31 [main] INFO  org.springframework.beans.factory.annotation.AutowiredAnnotationBeanPostProcessor (AutowiredAnnotationBeanPostProcessor.java:140) - JSR-330 'javax.inject.Inject' annotation found and supported for autowiring
2016-03-11 04:21:31 [main] INFO  org.springframework.beans.factory.support.DefaultListableBeanFactory (DefaultListableBeanFactory.java:598) - Pre-instantiating singletons in org.springframework.beans.factory.support.DefaultListableBeanFactory@46bbe288: defining beans [touclickController,org.springframework.context.annotation.internalConfigurationAnnotationProcessor,org.springframework.context.annotation.internalAutowiredAnnotationProcessor,org.springframework.context.annotation.internalRequiredAnnotationProcessor,org.springframework.context.annotation.internalCommonAnnotationProcessor,org.springframework.web.servlet.resource.DefaultServletHttpRequestHandler#0,org.springframework.web.servlet.handler.SimpleUrlHandlerMapping#0,org.springframework.web.servlet.handler.BeanNameUrlHandlerMapping,org.springframework.web.servlet.mvc.HttpRequestHandlerAdapter,org.springframework.web.servlet.mvc.SimpleControllerHandlerAdapter,org.springframework.web.servlet.view.InternalResourceViewResolver#0,mvcContentNegotiationManager,org.springframework.web.servlet.mvc.method.annotation.RequestMappingHandlerMapping#0,org.springframework.format.support.FormattingConversionServiceFactoryBean#0,org.springframework.web.servlet.mvc.method.annotation.RequestMappingHandlerAdapter#0,org.springframework.web.servlet.handler.MappedInterceptor#0,org.springframework.web.servlet.mvc.method.annotation.ExceptionHandlerExceptionResolver#0,org.springframework.web.servlet.mvc.annotation.ResponseStatusExceptionResolver#0,org.springframework.web.servlet.mvc.support.DefaultHandlerExceptionResolver#0,org.springframework.web.servlet.config.viewControllerHandlerMapping,org.springframework.context.annotation.ConfigurationClassPostProcessor.importAwareProcessor]; parent: org.springframework.beans.factory.support.DefaultListableBeanFactory@6b63d131
2016-03-11 04:21:31 [main] INFO  org.springframework.web.servlet.handler.AbstractUrlHandlerMapping (AbstractUrlHandlerMapping.java:315) - Mapped URL path [/**] onto handler 'org.springframework.web.servlet.resource.DefaultServletHttpRequestHandler#0'
2016-03-11 04:21:31 [main] INFO  org.springframework.web.servlet.handler.AbstractHandlerMethodMapping (AbstractHandlerMethodMapping.java:179) - Mapped "{[/verify],methods=[POST],params=[],headers=[],consumes=[],produces=[],custom=[]}" onto public void com.touclick.captcha.TouclickController.verify(javax.servlet.http.HttpServletRequest,javax.servlet.http.HttpServletResponse)
2016-03-11 04:21:32 [main] INFO  org.springframework.web.servlet.handler.AbstractUrlHandlerMapping (AbstractUrlHandlerMapping.java:302) - Root mapping to handler of type [class org.springframework.web.servlet.mvc.ParameterizableViewController]
2016-03-11 04:21:32 [main] INFO  org.springframework.web.servlet.FrameworkServlet (FrameworkServlet.java:473) - FrameworkServlet 'springServlet': initialization completed in 982 ms
2016-03-11 04:38:52 [Thread-1] INFO  org.springframework.context.support.AbstractApplicationContext (AbstractApplicationContext.java:1042) - Closing WebApplicationContext for namespace 'springServlet-servlet': startup date [Fri Mar 11 16:21:31 CST 2016]; parent: Root WebApplicationContext
2016-03-11 04:38:52 [Thread-1] INFO  org.springframework.beans.factory.support.DefaultSingletonBeanRegistry (DefaultSingletonBeanRegistry.java:444) - Destroying singletons in org.springframework.beans.factory.support.DefaultListableBeanFactory@46bbe288: defining beans [touclickController,org.springframework.context.annotation.internalConfigurationAnnotationProcessor,org.springframework.context.annotation.internalAutowiredAnnotationProcessor,org.springframework.context.annotation.internalRequiredAnnotationProcessor,org.springframework.context.annotation.internalCommonAnnotationProcessor,org.springframework.web.servlet.resource.DefaultServletHttpRequestHandler#0,org.springframework.web.servlet.handler.SimpleUrlHandlerMapping#0,org.springframework.web.servlet.handler.BeanNameUrlHandlerMapping,org.springframework.web.servlet.mvc.HttpRequestHandlerAdapter,org.springframework.web.servlet.mvc.SimpleControllerHandlerAdapter,org.springframework.web.servlet.view.InternalResourceViewResolver#0,mvcContentNegotiationManager,org.springframework.web.servlet.mvc.method.annotation.RequestMappingHandlerMapping#0,org.springframework.format.support.FormattingConversionServiceFactoryBean#0,org.springframework.web.servlet.mvc.method.annotation.RequestMappingHandlerAdapter#0,org.springframework.web.servlet.handler.MappedInterceptor#0,org.springframework.web.servlet.mvc.method.annotation.ExceptionHandlerExceptionResolver#0,org.springframework.web.servlet.mvc.annotation.ResponseStatusExceptionResolver#0,org.springframework.web.servlet.mvc.support.DefaultHandlerExceptionResolver#0,org.springframework.web.servlet.config.viewControllerHandlerMapping,org.springframework.context.annotation.ConfigurationClassPostProcessor.importAwareProcessor]; parent: org.springframework.beans.factory.support.DefaultListableBeanFactory@6b63d131
2016-03-11 04:38:52 [Thread-1] INFO  org.springframework.context.support.AbstractApplicationContext (AbstractApplicationContext.java:1042) - Closing Root WebApplicationContext: startup date [Fri Mar 11 16:21:29 CST 2016]; root of context hierarchy
2016-03-11 04:38:52 [Thread-1] INFO  org.springframework.beans.factory.support.DefaultSingletonBeanRegistry (DefaultSingletonBeanRegistry.java:444) - Destroying singletons in org.springframework.beans.factory.support.DefaultListableBeanFactory@6b63d131: defining beans [propertyConfigurer,org.springframework.context.annotation.internalConfigurationAnnotationProcessor,org.springframework.context.annotation.internalAutowiredAnnotationProcessor,org.springframework.context.annotation.internalRequiredAnnotationProcessor,org.springframework.context.annotation.internalCommonAnnotationProcessor,org.springframework.aop.config.internalAutoProxyCreator,redisClusterClient,org.springframework.context.annotation.internalAsyncAnnotationProcessor,org.springframework.context.annotation.internalScheduledAnnotationProcessor,org.springframework.context.annotation.ConfigurationClassPostProcessor.importAwareProcessor]; root of factory hierarchy
2016-03-11 04:39:01 [main] INFO  org.springframework.web.context.ContextLoader (ContextLoader.java:273) - Root WebApplicationContext: initialization started
2016-03-11 04:39:01 [main] INFO  org.springframework.context.support.AbstractApplicationContext (AbstractApplicationContext.java:510) - Refreshing Root WebApplicationContext: startup date [Fri Mar 11 16:39:01 CST 2016]; root of context hierarchy
2016-03-11 04:39:01 [main] INFO  org.springframework.beans.factory.xml.XmlBeanDefinitionReader (XmlBeanDefinitionReader.java:315) - Loading XML bean definitions from class path resource [applicationContext.xml]
2016-03-11 04:39:02 [main] INFO  org.springframework.context.annotation.ClassPathScanningCandidateComponentProvider (ClassPathScanningCandidateComponentProvider.java:231) - JSR-250 'javax.annotation.ManagedBean' found and supported for component scanning
2016-03-11 04:39:02 [main] INFO  org.springframework.context.annotation.ClassPathScanningCandidateComponentProvider (ClassPathScanningCandidateComponentProvider.java:239) - JSR-330 'javax.inject.Named' annotation found and supported for component scanning
2016-03-11 04:39:02 [main] INFO  org.springframework.beans.factory.annotation.AutowiredAnnotationBeanPostProcessor (AutowiredAnnotationBeanPostProcessor.java:140) - JSR-330 'javax.inject.Inject' annotation found and supported for autowiring
2016-03-11 04:39:02 [main] INFO  org.springframework.beans.factory.support.DefaultSingletonBeanRegistry (DefaultSingletonBeanRegistry.java:444) - Destroying singletons in org.springframework.beans.factory.support.DefaultListableBeanFactory@30c6115f: defining beans [propertyConfigurer,org.springframework.context.annotation.internalConfigurationAnnotationProcessor,org.springframework.context.annotation.internalAutowiredAnnotationProcessor,org.springframework.context.annotation.internalRequiredAnnotationProcessor,org.springframework.context.annotation.internalCommonAnnotationProcessor,org.springframework.aop.config.internalAutoProxyCreator,org.springframework.context.annotation.internalAsyncAnnotationProcessor,org.springframework.context.annotation.internalScheduledAnnotationProcessor,org.springframework.context.annotation.ConfigurationClassPostProcessor.importAwareProcessor]; root of factory hierarchy
2016-03-11 04:39:02 [main] ERROR org.springframework.web.context.ContextLoader (ContextLoader.java:319) - Context initialization failed
org.springframework.beans.factory.BeanCreationException: Error creating bean with name 'org.springframework.aop.config.internalAutoProxyCreator': Instantiation of bean failed; nested exception is org.springframework.beans.BeanInstantiationException: Could not instantiate bean class [org.springframework.aop.aspectj.annotation.AnnotationAwareAspectJAutoProxyCreator]: Constructor threw exception; nested exception is java.lang.NoClassDefFoundError: org/aspectj/lang/annotation/Around
	at org.springframework.beans.factory.support.AbstractAutowireCapableBeanFactory.instantiateBean(AbstractAutowireCapableBeanFactory.java:1007)
	at org.springframework.beans.factory.support.AbstractAutowireCapableBeanFactory.createBeanInstance(AbstractAutowireCapableBeanFactory.java:953)
	at org.springframework.beans.factory.support.AbstractAutowireCapableBeanFactory.doCreateBean(AbstractAutowireCapableBeanFactory.java:487)
	at org.springframework.beans.factory.support.AbstractAutowireCapableBeanFactory.createBean(AbstractAutowireCapableBeanFactory.java:458)
	at org.springframework.beans.factory.support.AbstractBeanFactory$1.getObject(AbstractBeanFactory.java:295)
	at org.springframework.beans.factory.support.DefaultSingletonBeanRegistry.getSingleton(DefaultSingletonBeanRegistry.java:223)
	at org.springframework.beans.factory.support.AbstractBeanFactory.doGetBean(AbstractBeanFactory.java:292)
	at org.springframework.beans.factory.support.AbstractBeanFactory.getBean(AbstractBeanFactory.java:198)
	at org.springframework.context.support.AbstractApplicationContext.registerBeanPostProcessors(AbstractApplicationContext.java:741)
	at org.springframework.context.support.AbstractApplicationContext.refresh(AbstractApplicationContext.java:464)
	at org.springframework.web.context.ContextLoader.configureAndRefreshWebApplicationContext(ContextLoader.java:389)
	at org.springframework.web.context.ContextLoader.initWebApplicationContext(ContextLoader.java:294)
	at org.springframework.web.context.ContextLoaderListener.contextInitialized(ContextLoaderListener.java:112)
	at org.eclipse.jetty.server.handler.ContextHandler.startContext(ContextHandler.java:740)
	at org.eclipse.jetty.servlet.ServletContextHandler.startContext(ServletContextHandler.java:238)
	at org.eclipse.jetty.webapp.WebAppContext.startContext(WebAppContext.java:1238)
	at org.eclipse.jetty.server.handler.ContextHandler.doStart(ContextHandler.java:683)
	at org.eclipse.jetty.webapp.WebAppContext.doStart(WebAppContext.java:480)
	at org.mortbay.jetty.plugin.JettyWebAppContext.doStart(JettyWebAppContext.java:256)
	at org.eclipse.jetty.util.component.AbstractLifeCycle.start(AbstractLifeCycle.java:64)
	at org.eclipse.jetty.server.handler.HandlerCollection.doStart(HandlerCollection.java:229)
	at org.eclipse.jetty.server.handler.ContextHandlerCollection.doStart(ContextHandlerCollection.java:172)
	at org.eclipse.jetty.util.component.AbstractLifeCycle.start(AbstractLifeCycle.java:64)
	at org.eclipse.jetty.server.handler.HandlerCollection.doStart(HandlerCollection.java:229)
	at org.eclipse.jetty.util.component.AbstractLifeCycle.start(AbstractLifeCycle.java:64)
	at org.eclipse.jetty.server.handler.HandlerWrapper.doStart(HandlerWrapper.java:95)
	at org.eclipse.jetty.server.Server.doStart(Server.java:275)
	at org.mortbay.jetty.plugin.JettyServer.doStart(JettyServer.java:65)
	at org.eclipse.jetty.util.component.AbstractLifeCycle.start(AbstractLifeCycle.java:64)
	at org.mortbay.jetty.plugin.AbstractJettyMojo.startJetty(AbstractJettyMojo.java:511)
	at org.mortbay.jetty.plugin.AbstractJettyMojo.execute(AbstractJettyMojo.java:364)
	at org.mortbay.jetty.plugin.JettyRunMojo.execute(JettyRunMojo.java:516)
	at org.apache.maven.plugin.DefaultBuildPluginManager.executeMojo(DefaultBuildPluginManager.java:134)
	at org.apache.maven.lifecycle.internal.MojoExecutor.execute(MojoExecutor.java:208)
	at org.apache.maven.lifecycle.internal.MojoExecutor.execute(MojoExecutor.java:153)
	at org.apache.maven.lifecycle.internal.MojoExecutor.execute(MojoExecutor.java:145)
	at org.apache.maven.lifecycle.internal.LifecycleModuleBuilder.buildProject(LifecycleModuleBuilder.java:116)
	at org.apache.maven.lifecycle.internal.LifecycleModuleBuilder.buildProject(LifecycleModuleBuilder.java:80)
	at org.apache.maven.lifecycle.internal.builder.singlethreaded.SingleThreadedBuilder.build(SingleThreadedBuilder.java:51)
	at org.apache.maven.lifecycle.internal.LifecycleStarter.execute(LifecycleStarter.java:128)
	at org.apache.maven.DefaultMaven.doExecute(DefaultMaven.java:307)
	at org.apache.maven.DefaultMaven.doExecute(DefaultMaven.java:193)
	at org.apache.maven.DefaultMaven.execute(DefaultMaven.java:106)
	at org.apache.maven.cli.MavenCli.execute(MavenCli.java:862)
	at org.apache.maven.cli.MavenCli.doMain(MavenCli.java:286)
	at org.apache.maven.cli.MavenCli.main(MavenCli.java:197)
	at sun.reflect.NativeMethodAccessorImpl.invoke0(Native Method)
	at sun.reflect.NativeMethodAccessorImpl.invoke(NativeMethodAccessorImpl.java:57)
	at sun.reflect.DelegatingMethodAccessorImpl.invoke(DelegatingMethodAccessorImpl.java:43)
	at java.lang.reflect.Method.invoke(Method.java:606)
	at org.codehaus.plexus.classworlds.launcher.Launcher.launchEnhanced(Launcher.java:289)
	at org.codehaus.plexus.classworlds.launcher.Launcher.launch(Launcher.java:229)
	at org.codehaus.plexus.classworlds.launcher.Launcher.mainWithExitCode(Launcher.java:415)
	at org.codehaus.plexus.classworlds.launcher.Launcher.main(Launcher.java:356)
Caused by: org.springframework.beans.BeanInstantiationException: Could not instantiate bean class [org.springframework.aop.aspectj.annotation.AnnotationAwareAspectJAutoProxyCreator]: Constructor threw exception; nested exception is java.lang.NoClassDefFoundError: org/aspectj/lang/annotation/Around
	at org.springframework.beans.BeanUtils.instantiateClass(BeanUtils.java:163)
	at org.springframework.beans.factory.support.SimpleInstantiationStrategy.instantiate(SimpleInstantiationStrategy.java:87)
	at org.springframework.beans.factory.support.AbstractAutowireCapableBeanFactory.instantiateBean(AbstractAutowireCapableBeanFactory.java:1000)
	... 53 more
Caused by: java.lang.NoClassDefFoundError: org/aspectj/lang/annotation/Around
	at org.springframework.aop.aspectj.annotation.ReflectiveAspectJAdvisorFactory.<clinit>(ReflectiveAspectJAdvisorFactory.java:74)
	at org.springframework.aop.aspectj.annotation.AnnotationAwareAspectJAutoProxyCreator.<init>(AnnotationAwareAspectJAutoProxyCreator.java:53)
	at sun.reflect.NativeConstructorAccessorImpl.newInstance0(Native Method)
	at sun.reflect.NativeConstructorAccessorImpl.newInstance(NativeConstructorAccessorImpl.java:57)
	at sun.reflect.DelegatingConstructorAccessorImpl.newInstance(DelegatingConstructorAccessorImpl.java:45)
	at java.lang.reflect.Constructor.newInstance(Constructor.java:526)
	at org.springframework.beans.BeanUtils.instantiateClass(BeanUtils.java:148)
	... 55 more
Caused by: java.lang.ClassNotFoundException: org.aspectj.lang.annotation.Around
	at org.codehaus.plexus.classworlds.strategy.SelfFirstStrategy.loadClass(SelfFirstStrategy.java:50)
	at org.codehaus.plexus.classworlds.realm.ClassRealm.unsynchronizedLoadClass(ClassRealm.java:271)
	at org.codehaus.plexus.classworlds.realm.ClassRealm.loadClass(ClassRealm.java:247)
	at org.codehaus.plexus.classworlds.realm.ClassRealm.loadClass(ClassRealm.java:239)
	at org.eclipse.jetty.webapp.WebAppClassLoader.loadClass(WebAppClassLoader.java:429)
	at org.eclipse.jetty.webapp.WebAppClassLoader.loadClass(WebAppClassLoader.java:382)
	... 62 more
2016-03-11 04:39:27 [main] INFO  org.springframework.web.context.ContextLoader (ContextLoader.java:273) - Root WebApplicationContext: initialization started
2016-03-11 04:39:27 [main] INFO  org.springframework.context.support.AbstractApplicationContext (AbstractApplicationContext.java:510) - Refreshing Root WebApplicationContext: startup date [Fri Mar 11 16:39:27 CST 2016]; root of context hierarchy
2016-03-11 04:39:28 [main] INFO  org.springframework.beans.factory.xml.XmlBeanDefinitionReader (XmlBeanDefinitionReader.java:315) - Loading XML bean definitions from class path resource [applicationContext.xml]
2016-03-11 04:39:28 [main] INFO  org.springframework.context.annotation.ClassPathScanningCandidateComponentProvider (ClassPathScanningCandidateComponentProvider.java:231) - JSR-250 'javax.annotation.ManagedBean' found and supported for component scanning
2016-03-11 04:39:28 [main] INFO  org.springframework.context.annotation.ClassPathScanningCandidateComponentProvider (ClassPathScanningCandidateComponentProvider.java:239) - JSR-330 'javax.inject.Named' annotation found and supported for component scanning
2016-03-11 04:39:28 [main] INFO  org.springframework.beans.factory.annotation.AutowiredAnnotationBeanPostProcessor (AutowiredAnnotationBeanPostProcessor.java:140) - JSR-330 'javax.inject.Inject' annotation found and supported for autowiring
2016-03-11 04:39:28 [main] INFO  org.springframework.beans.factory.support.DefaultListableBeanFactory (DefaultListableBeanFactory.java:598) - Pre-instantiating singletons in org.springframework.beans.factory.support.DefaultListableBeanFactory@69677f38: defining beans [propertyConfigurer,org.springframework.context.annotation.internalConfigurationAnnotationProcessor,org.springframework.context.annotation.internalAutowiredAnnotationProcessor,org.springframework.context.annotation.internalRequiredAnnotationProcessor,org.springframework.context.annotation.internalCommonAnnotationProcessor,org.springframework.context.annotation.internalAsyncAnnotationProcessor,org.springframework.context.annotation.internalScheduledAnnotationProcessor,org.springframework.context.annotation.ConfigurationClassPostProcessor.importAwareProcessor]; root of factory hierarchy
2016-03-11 04:39:28 [main] INFO  org.springframework.web.context.ContextLoader (ContextLoader.java:313) - Root WebApplicationContext: initialization completed in 517 ms
2016-03-11 04:39:28 [main] INFO  org.springframework.web.servlet.FrameworkServlet (FrameworkServlet.java:454) - FrameworkServlet 'springServlet': initialization started
2016-03-11 04:39:28 [main] INFO  org.springframework.context.support.AbstractApplicationContext (AbstractApplicationContext.java:510) - Refreshing WebApplicationContext for namespace 'springServlet-servlet': startup date [Fri Mar 11 16:39:28 CST 2016]; parent: Root WebApplicationContext
2016-03-11 04:39:28 [main] INFO  org.springframework.beans.factory.xml.XmlBeanDefinitionReader (XmlBeanDefinitionReader.java:315) - Loading XML bean definitions from ServletContext resource [/WEB-INF/spring-mvc.xml]
2016-03-11 04:39:28 [main] INFO  org.springframework.beans.factory.annotation.AutowiredAnnotationBeanPostProcessor (AutowiredAnnotationBeanPostProcessor.java:140) - JSR-330 'javax.inject.Inject' annotation found and supported for autowiring
2016-03-11 04:39:28 [main] INFO  org.springframework.beans.factory.support.DefaultListableBeanFactory (DefaultListableBeanFactory.java:598) - Pre-instantiating singletons in org.springframework.beans.factory.support.DefaultListableBeanFactory@19c212b0: defining beans [touclickController,org.springframework.context.annotation.internalConfigurationAnnotationProcessor,org.springframework.context.annotation.internalAutowiredAnnotationProcessor,org.springframework.context.annotation.internalRequiredAnnotationProcessor,org.springframework.context.annotation.internalCommonAnnotationProcessor,org.springframework.web.servlet.resource.DefaultServletHttpRequestHandler#0,org.springframework.web.servlet.handler.SimpleUrlHandlerMapping#0,org.springframework.web.servlet.handler.BeanNameUrlHandlerMapping,org.springframework.web.servlet.mvc.HttpRequestHandlerAdapter,org.springframework.web.servlet.mvc.SimpleControllerHandlerAdapter,org.springframework.web.servlet.view.InternalResourceViewResolver#0,mvcContentNegotiationManager,org.springframework.web.servlet.mvc.method.annotation.RequestMappingHandlerMapping#0,org.springframework.format.support.FormattingConversionServiceFactoryBean#0,org.springframework.web.servlet.mvc.method.annotation.RequestMappingHandlerAdapter#0,org.springframework.web.servlet.handler.MappedInterceptor#0,org.springframework.web.servlet.mvc.method.annotation.ExceptionHandlerExceptionResolver#0,org.springframework.web.servlet.mvc.annotation.ResponseStatusExceptionResolver#0,org.springframework.web.servlet.mvc.support.DefaultHandlerExceptionResolver#0,org.springframework.web.servlet.config.viewControllerHandlerMapping,org.springframework.context.annotation.ConfigurationClassPostProcessor.importAwareProcessor]; parent: org.springframework.beans.factory.support.DefaultListableBeanFactory@69677f38
2016-03-11 04:39:28 [main] ERROR com.touclick.captcha.service.TouClick (TouClick.java:35) - config.properties has no value as key = PUB_KEY
2016-03-11 04:39:28 [main] INFO  org.springframework.web.servlet.handler.AbstractUrlHandlerMapping (AbstractUrlHandlerMapping.java:315) - Mapped URL path [/**] onto handler 'org.springframework.web.servlet.resource.DefaultServletHttpRequestHandler#0'
2016-03-11 04:39:28 [main] INFO  org.springframework.web.servlet.handler.AbstractHandlerMethodMapping (AbstractHandlerMethodMapping.java:179) - Mapped "{[/verify],methods=[POST],params=[],headers=[],consumes=[],produces=[],custom=[]}" onto public void com.touclick.captcha.TouclickController.verify(javax.servlet.http.HttpServletRequest,javax.servlet.http.HttpServletResponse)
2016-03-11 04:39:29 [main] INFO  org.springframework.web.servlet.handler.AbstractUrlHandlerMapping (AbstractUrlHandlerMapping.java:302) - Root mapping to handler of type [class org.springframework.web.servlet.mvc.ParameterizableViewController]
2016-03-11 04:39:29 [main] INFO  org.springframework.web.servlet.FrameworkServlet (FrameworkServlet.java:473) - FrameworkServlet 'springServlet': initialization completed in 969 ms
2016-03-11 04:44:58 [Thread-1] INFO  org.springframework.context.support.AbstractApplicationContext (AbstractApplicationContext.java:1042) - Closing WebApplicationContext for namespace 'springServlet-servlet': startup date [Fri Mar 11 16:39:28 CST 2016]; parent: Root WebApplicationContext
2016-03-11 04:44:58 [Thread-1] INFO  org.springframework.beans.factory.support.DefaultSingletonBeanRegistry (DefaultSingletonBeanRegistry.java:444) - Destroying singletons in org.springframework.beans.factory.support.DefaultListableBeanFactory@19c212b0: defining beans [touclickController,org.springframework.context.annotation.internalConfigurationAnnotationProcessor,org.springframework.context.annotation.internalAutowiredAnnotationProcessor,org.springframework.context.annotation.internalRequiredAnnotationProcessor,org.springframework.context.annotation.internalCommonAnnotationProcessor,org.springframework.web.servlet.resource.DefaultServletHttpRequestHandler#0,org.springframework.web.servlet.handler.SimpleUrlHandlerMapping#0,org.springframework.web.servlet.handler.BeanNameUrlHandlerMapping,org.springframework.web.servlet.mvc.HttpRequestHandlerAdapter,org.springframework.web.servlet.mvc.SimpleControllerHandlerAdapter,org.springframework.web.servlet.view.InternalResourceViewResolver#0,mvcContentNegotiationManager,org.springframework.web.servlet.mvc.method.annotation.RequestMappingHandlerMapping#0,org.springframework.format.support.FormattingConversionServiceFactoryBean#0,org.springframework.web.servlet.mvc.method.annotation.RequestMappingHandlerAdapter#0,org.springframework.web.servlet.handler.MappedInterceptor#0,org.springframework.web.servlet.mvc.method.annotation.ExceptionHandlerExceptionResolver#0,org.springframework.web.servlet.mvc.annotation.ResponseStatusExceptionResolver#0,org.springframework.web.servlet.mvc.support.DefaultHandlerExceptionResolver#0,org.springframework.web.servlet.config.viewControllerHandlerMapping,org.springframework.context.annotation.ConfigurationClassPostProcessor.importAwareProcessor]; parent: org.springframework.beans.factory.support.DefaultListableBeanFactory@69677f38
2016-03-11 04:44:58 [Thread-1] INFO  org.springframework.context.support.AbstractApplicationContext (AbstractApplicationContext.java:1042) - Closing Root WebApplicationContext: startup date [Fri Mar 11 16:39:27 CST 2016]; root of context hierarchy
2016-03-11 04:44:58 [Thread-1] INFO  org.springframework.beans.factory.support.DefaultSingletonBeanRegistry (DefaultSingletonBeanRegistry.java:444) - Destroying singletons in org.springframework.beans.factory.support.DefaultListableBeanFactory@69677f38: defining beans [propertyConfigurer,org.springframework.context.annotation.internalConfigurationAnnotationProcessor,org.springframework.context.annotation.internalAutowiredAnnotationProcessor,org.springframework.context.annotation.internalRequiredAnnotationProcessor,org.springframework.context.annotation.internalCommonAnnotationProcessor,org.springframework.context.annotation.internalAsyncAnnotationProcessor,org.springframework.context.annotation.internalScheduledAnnotationProcessor,org.springframework.context.annotation.ConfigurationClassPostProcessor.importAwareProcessor]; root of factory hierarchy
2016-03-11 04:45:04 [main] INFO  org.springframework.web.context.ContextLoader (ContextLoader.java:273) - Root WebApplicationContext: initialization started
2016-03-11 04:45:04 [main] INFO  org.springframework.context.support.AbstractApplicationContext (AbstractApplicationContext.java:510) - Refreshing Root WebApplicationContext: startup date [Fri Mar 11 16:45:04 CST 2016]; root of context hierarchy
2016-03-11 04:45:04 [main] INFO  org.springframework.beans.factory.xml.XmlBeanDefinitionReader (XmlBeanDefinitionReader.java:315) - Loading XML bean definitions from class path resource [applicationContext.xml]
2016-03-11 04:45:05 [main] INFO  org.springframework.context.annotation.ClassPathScanningCandidateComponentProvider (ClassPathScanningCandidateComponentProvider.java:231) - JSR-250 'javax.annotation.ManagedBean' found and supported for component scanning
2016-03-11 04:45:05 [main] INFO  org.springframework.context.annotation.ClassPathScanningCandidateComponentProvider (ClassPathScanningCandidateComponentProvider.java:239) - JSR-330 'javax.inject.Named' annotation found and supported for component scanning
2016-03-11 04:45:05 [main] INFO  org.springframework.beans.factory.annotation.AutowiredAnnotationBeanPostProcessor (AutowiredAnnotationBeanPostProcessor.java:140) - JSR-330 'javax.inject.Inject' annotation found and supported for autowiring
2016-03-11 04:45:05 [main] INFO  org.springframework.beans.factory.support.DefaultListableBeanFactory (DefaultListableBeanFactory.java:598) - Pre-instantiating singletons in org.springframework.beans.factory.support.DefaultListableBeanFactory@3ced1661: defining beans [propertyConfigurer,org.springframework.context.annotation.internalConfigurationAnnotationProcessor,org.springframework.context.annotation.internalAutowiredAnnotationProcessor,org.springframework.context.annotation.internalRequiredAnnotationProcessor,org.springframework.context.annotation.internalCommonAnnotationProcessor,org.springframework.context.annotation.internalAsyncAnnotationProcessor,org.springframework.context.annotation.internalScheduledAnnotationProcessor,org.springframework.context.annotation.ConfigurationClassPostProcessor.importAwareProcessor]; root of factory hierarchy
2016-03-11 04:45:05 [main] INFO  org.springframework.web.context.ContextLoader (ContextLoader.java:313) - Root WebApplicationContext: initialization completed in 503 ms
2016-03-11 04:45:05 [main] INFO  org.springframework.web.servlet.FrameworkServlet (FrameworkServlet.java:454) - FrameworkServlet 'springServlet': initialization started
2016-03-11 04:45:05 [main] INFO  org.springframework.context.support.AbstractApplicationContext (AbstractApplicationContext.java:510) - Refreshing WebApplicationContext for namespace 'springServlet-servlet': startup date [Fri Mar 11 16:45:05 CST 2016]; parent: Root WebApplicationContext
2016-03-11 04:45:05 [main] INFO  org.springframework.beans.factory.xml.XmlBeanDefinitionReader (XmlBeanDefinitionReader.java:315) - Loading XML bean definitions from ServletContext resource [/WEB-INF/spring-mvc.xml]
2016-03-11 04:45:05 [main] INFO  org.springframework.beans.factory.annotation.AutowiredAnnotationBeanPostProcessor (AutowiredAnnotationBeanPostProcessor.java:140) - JSR-330 'javax.inject.Inject' annotation found and supported for autowiring
2016-03-11 04:45:05 [main] INFO  org.springframework.beans.factory.support.DefaultListableBeanFactory (DefaultListableBeanFactory.java:598) - Pre-instantiating singletons in org.springframework.beans.factory.support.DefaultListableBeanFactory@3c676dd2: defining beans [touclickController,org.springframework.context.annotation.internalConfigurationAnnotationProcessor,org.springframework.context.annotation.internalAutowiredAnnotationProcessor,org.springframework.context.annotation.internalRequiredAnnotationProcessor,org.springframework.context.annotation.internalCommonAnnotationProcessor,org.springframework.web.servlet.resource.DefaultServletHttpRequestHandler#0,org.springframework.web.servlet.handler.SimpleUrlHandlerMapping#0,org.springframework.web.servlet.handler.BeanNameUrlHandlerMapping,org.springframework.web.servlet.mvc.HttpRequestHandlerAdapter,org.springframework.web.servlet.mvc.SimpleControllerHandlerAdapter,org.springframework.web.servlet.view.InternalResourceViewResolver#0,mvcContentNegotiationManager,org.springframework.web.servlet.mvc.method.annotation.RequestMappingHandlerMapping#0,org.springframework.format.support.FormattingConversionServiceFactoryBean#0,org.springframework.web.servlet.mvc.method.annotation.RequestMappingHandlerAdapter#0,org.springframework.web.servlet.handler.MappedInterceptor#0,org.springframework.web.servlet.mvc.method.annotation.ExceptionHandlerExceptionResolver#0,org.springframework.web.servlet.mvc.annotation.ResponseStatusExceptionResolver#0,org.springframework.web.servlet.mvc.support.DefaultHandlerExceptionResolver#0,org.springframework.web.servlet.config.viewControllerHandlerMapping,org.springframework.context.annotation.ConfigurationClassPostProcessor.importAwareProcessor]; parent: org.springframework.beans.factory.support.DefaultListableBeanFactory@3ced1661
2016-03-11 04:45:05 [main] ERROR com.touclick.captcha.service.TouClick (TouClick.java:35) - config.properties has no value as key = PUB_KEY
2016-03-11 04:45:05 [main] INFO  org.springframework.web.servlet.handler.AbstractUrlHandlerMapping (AbstractUrlHandlerMapping.java:315) - Mapped URL path [/**] onto handler 'org.springframework.web.servlet.resource.DefaultServletHttpRequestHandler#0'
2016-03-11 04:45:05 [main] INFO  org.springframework.web.servlet.handler.AbstractHandlerMethodMapping (AbstractHandlerMethodMapping.java:179) - Mapped "{[/verify],methods=[POST],params=[],headers=[],consumes=[],produces=[],custom=[]}" onto public void com.touclick.captcha.TouclickController.verify(javax.servlet.http.HttpServletRequest,javax.servlet.http.HttpServletResponse)
2016-03-11 04:45:06 [main] INFO  org.springframework.web.servlet.handler.AbstractUrlHandlerMapping (AbstractUrlHandlerMapping.java:302) - Root mapping to handler of type [class org.springframework.web.servlet.mvc.ParameterizableViewController]
2016-03-11 04:45:06 [main] INFO  org.springframework.web.servlet.FrameworkServlet (FrameworkServlet.java:473) - FrameworkServlet 'springServlet': initialization completed in 912 ms
2016-03-11 04:45:27 [qtp1778384749-17] WARN  springframework.web.servlet.mvc.support.DefaultHandlerExceptionResolver (DefaultHandlerExceptionResolver.java:194) - Request method 'GET' not supported
2016-03-11 04:46:06 [qtp1778384749-15] WARN  springframework.web.servlet.mvc.support.DefaultHandlerExceptionResolver (DefaultHandlerExceptionResolver.java:194) - Request method 'GET' not supported
2016-03-11 04:46:43 [qtp1778384749-15] WARN  springframework.web.servlet.mvc.support.DefaultHandlerExceptionResolver (DefaultHandlerExceptionResolver.java:194) - Request method 'GET' not supported
2016-03-11 04:46:44 [qtp1778384749-19] WARN  springframework.web.servlet.mvc.support.DefaultHandlerExceptionResolver (DefaultHandlerExceptionResolver.java:194) - Request method 'GET' not supported
2016-03-11 04:57:18 [Thread-1] INFO  org.springframework.context.support.AbstractApplicationContext (AbstractApplicationContext.java:1042) - Closing WebApplicationContext for namespace 'springServlet-servlet': startup date [Fri Mar 11 16:45:05 CST 2016]; parent: Root WebApplicationContext
2016-03-11 04:57:18 [Thread-1] INFO  org.springframework.beans.factory.support.DefaultSingletonBeanRegistry (DefaultSingletonBeanRegistry.java:444) - Destroying singletons in org.springframework.beans.factory.support.DefaultListableBeanFactory@3c676dd2: defining beans [touclickController,org.springframework.context.annotation.internalConfigurationAnnotationProcessor,org.springframework.context.annotation.internalAutowiredAnnotationProcessor,org.springframework.context.annotation.internalRequiredAnnotationProcessor,org.springframework.context.annotation.internalCommonAnnotationProcessor,org.springframework.web.servlet.resource.DefaultServletHttpRequestHandler#0,org.springframework.web.servlet.handler.SimpleUrlHandlerMapping#0,org.springframework.web.servlet.handler.BeanNameUrlHandlerMapping,org.springframework.web.servlet.mvc.HttpRequestHandlerAdapter,org.springframework.web.servlet.mvc.SimpleControllerHandlerAdapter,org.springframework.web.servlet.view.InternalResourceViewResolver#0,mvcContentNegotiationManager,org.springframework.web.servlet.mvc.method.annotation.RequestMappingHandlerMapping#0,org.springframework.format.support.FormattingConversionServiceFactoryBean#0,org.springframework.web.servlet.mvc.method.annotation.RequestMappingHandlerAdapter#0,org.springframework.web.servlet.handler.MappedInterceptor#0,org.springframework.web.servlet.mvc.method.annotation.ExceptionHandlerExceptionResolver#0,org.springframework.web.servlet.mvc.annotation.ResponseStatusExceptionResolver#0,org.springframework.web.servlet.mvc.support.DefaultHandlerExceptionResolver#0,org.springframework.web.servlet.config.viewControllerHandlerMapping,org.springframework.context.annotation.ConfigurationClassPostProcessor.importAwareProcessor]; parent: org.springframework.beans.factory.support.DefaultListableBeanFactory@3ced1661
2016-03-11 04:57:18 [Thread-1] INFO  org.springframework.context.support.AbstractApplicationContext (AbstractApplicationContext.java:1042) - Closing Root WebApplicationContext: startup date [Fri Mar 11 16:45:04 CST 2016]; root of context hierarchy
2016-03-11 04:57:18 [Thread-1] INFO  org.springframework.beans.factory.support.DefaultSingletonBeanRegistry (DefaultSingletonBeanRegistry.java:444) - Destroying singletons in org.springframework.beans.factory.support.DefaultListableBeanFactory@3ced1661: defining beans [propertyConfigurer,org.springframework.context.annotation.internalConfigurationAnnotationProcessor,org.springframework.context.annotation.internalAutowiredAnnotationProcessor,org.springframework.context.annotation.internalRequiredAnnotationProcessor,org.springframework.context.annotation.internalCommonAnnotationProcessor,org.springframework.context.annotation.internalAsyncAnnotationProcessor,org.springframework.context.annotation.internalScheduledAnnotationProcessor,org.springframework.context.annotation.ConfigurationClassPostProcessor.importAwareProcessor]; root of factory hierarchy
